;  LST file generated by mikroListExporter - v.2.0 
; Date/Time: 23/09/2018 03:14:45 p.m.
;----------------------------------------------

;Address Opcode 	ASM
0x0000	0xF000EF27  	GOTO        78
_interrupt:
;HolaMundo.c,13 :: 		void interrupt(){
;HolaMundo.c,14 :: 		TMR0ON_bit =0;
0x0008	0x9ED5      	BCF         TMR0ON_bit, BitPos(TMR0ON_bit+0) 
;HolaMundo.c,15 :: 		T0IE_bit = 0;
0x000A	0x9AF2      	BCF         T0IE_bit, BitPos(T0IE_bit+0) 
;HolaMundo.c,16 :: 		T0IF_bit = 0;
0x000C	0x94F2      	BCF         T0IF_bit, BitPos(T0IF_bit+0) 
;HolaMundo.c,17 :: 		TMR0L = 0xDB;
0x000E	0x0EDB      	MOVLW       219
0x0010	0x6ED6      	MOVWF       TMR0L 
;HolaMundo.c,18 :: 		TMR0H = 0x0B;
0x0012	0x0E0B      	MOVLW       11
0x0014	0x6ED7      	MOVWF       TMR0H 
;HolaMundo.c,19 :: 		RD0_bit = !(RD0_bit);
0x0016	0x7083      	BTG         RD0_bit, BitPos(RD0_bit+0) 
;HolaMundo.c,21 :: 		T0IE_bit = 1;
0x0018	0x8AF2      	BSF         T0IE_bit, BitPos(T0IE_bit+0) 
;HolaMundo.c,22 :: 		T0CON = 0x83;
0x001A	0x0E83      	MOVLW       131
0x001C	0x6ED5      	MOVWF       T0CON 
;HolaMundo.c,24 :: 		}
L_end_interrupt:
L__interrupt4:
0x001E	0x0011      	RETFIE      1
; end of _interrupt
___CC2DW:
;__Lib_System.c,21 :: 		
;__Lib_System.c,23 :: 		
_CC2DL_Loop1:
;__Lib_System.c,24 :: 		
0x0020	0x0009      	TBLRD*+
;__Lib_System.c,25 :: 		
0x0022	0xFFE6CFF5  	MOVFF       TABLAT, POSTINC1
;__Lib_System.c,26 :: 		
0x0026	0x0600      	DECF        R0, 1, 0
;__Lib_System.c,27 :: 		
0x0028	0xE1FB      	BNZ         _CC2DL_Loop1
;__Lib_System.c,28 :: 		
0x002A	0x0601      	DECF        R1, 1, 0
;__Lib_System.c,29 :: 		
0x002C	0xE1F9      	BNZ         _CC2DL_Loop1
;__Lib_System.c,31 :: 		
L_end___CC2DW:
0x002E	0x0012      	RETURN      0
; end of ___CC2DW
_configurar:
;HolaMundo.c,1 :: 		void configurar(){
;HolaMundo.c,2 :: 		TRISD = 0;
0x0030	0x6A95      	CLRF        TRISD 
;HolaMundo.c,3 :: 		PORTD = 0;
0x0032	0x6A83      	CLRF        PORTD 
;HolaMundo.c,4 :: 		INTCON = 0xC0;
0x0034	0x0EC0      	MOVLW       192
0x0036	0x6EF2      	MOVWF       INTCON 
;HolaMundo.c,5 :: 		INTCON2 = 0x04;
0x0038	0x0E04      	MOVLW       4
0x003A	0x6EF1      	MOVWF       INTCON2 
;HolaMundo.c,6 :: 		T0CON = 0x03;
0x003C	0x0E03      	MOVLW       3
0x003E	0x6ED5      	MOVWF       T0CON 
;HolaMundo.c,7 :: 		TMR0L = 0xDB;
0x0040	0x0EDB      	MOVLW       219
0x0042	0x6ED6      	MOVWF       TMR0L 
;HolaMundo.c,8 :: 		TMR0H = 0x0B;
0x0044	0x0E0B      	MOVLW       11
0x0046	0x6ED7      	MOVWF       TMR0H 
;HolaMundo.c,9 :: 		T0IE_bit=1;
0x0048	0x8AF2      	BSF         T0IE_bit, BitPos(T0IE_bit+0) 
;HolaMundo.c,10 :: 		TMR0ON_bit = 1;
0x004A	0x8ED5      	BSF         TMR0ON_bit, BitPos(TMR0ON_bit+0) 
;HolaMundo.c,12 :: 		}
L_end_configurar:
0x004C	0x0012      	RETURN      0
; end of _configurar
_main:
;HolaMundo.c,25 :: 		void main() {
;HolaMundo.c,26 :: 		configurar();
0x004E	0xDFF0      	RCALL       _configurar
;HolaMundo.c,27 :: 		TMR0ON_bit = 1;
0x0050	0x8ED5      	BSF         TMR0ON_bit, BitPos(TMR0ON_bit+0) 
;HolaMundo.c,28 :: 		while(1);
L_main0:
0x0052	0xD7FF      	BRA         L_main0
;HolaMundo.c,29 :: 		}
L_end_main:
0x0054	0xD7FF      	BRA         $+0
; end of _main
Symbol List:
//** Routines locations **
//ADDRESS    SIZE    PROCEDURE
//----------------------------------------------
0x0008      [24]    _interrupt
0x0020      [16]    ___CC2DW
0x0030      [30]    _configurar
0x004E       [8]    _main
//** Variables locations ** 
//ADDRESS    SIZE    VARIABLE
//----------------------------------------------
0x0000       [1]    __Lib_SoftI2C_PutZerosToLATScl_temp_scl_L0
0x0000       [1]    UART1_Init_tmp_L0
0x0000       [1]    __Lib_SoftI2C_PutZerosToLATSda_temp_sda_L0
0x0000       [1]    SPI1_Write_tmp_L0
0x0000       [1]    EEPROM_Write_SaveINTCON_L0
0x0000       [1]    R0
0x0000       [1]    FLASH_Erase_64_SaveINTCON_L0
0x0001       [1]    R1
0x0001       [1]    UART1_Read___tmp_UART1_Read_L0
0x0001       [1]    __Lib_TFT_16bit_JPEG_FileRead_i_L0
0x0001       [1]    __Lib_TFT_16bit_JPEG_FileReadBytes_Result_L0
0x0001       [1]    FLASH_Write_32_i_L0
0x0001       [2]    FLASH_Read_N_Bytes_i_L0
0x0001       [1]    FLASH_Erase_Write_64_i_L0
0x0001       [1]    __Lib_PS2_Wait_Falling_nsample_L0
0x0001       [1]    I2C1_Rd_tmp_L0
0x0001       [1]    ispunct_rslt_L0
0x0001       [1]    __Lib_TFT_JPEG_FileRead_i_L0
0x0001       [1]    __Lib_TFT_JPEG_FileReadBytes_Result_L0
0x0002       [1]    FLASH_Write_32_SaveINTCON_L0
0x0002       [2]    strlen_cp_L0
0x0002       [2]    __Lib_USB_genHID_memset_usb_pp_L0
0x0002       [2]    memchr_s_L0
0x0002       [1]    __Lib_USB_genHID_USB_CtrlTrf_Rx_Service_byteToRead_L0
0x0002       [2]    memcpy_dd_L0
0x0002       [2]    memset_pp_L0
0x0002       [2]    __Lib_USB_genHID_memset_usb_int_pp_L0
0x0002       [1]    R2
0x0002       [1]    FLASH_Erase_Write_64_j_L0
0x0003       [1]    FLASH_Erase_Write_64_SaveINTCON_L0
0x0003       [2]    MM_TotalFreeMemSize_Tot_L0
0x0003       [1]    MM_Init_i_L0
0x0003       [1]    __Lib_USB_genHID_USB_CtrlTrf_Rx_Service_i_L0
0x0003       [2]    __Lib_USB_genHID_USB_CtrlTrf_Tx_Service_byteToSend_L0
0x0003       [2]    memmove_tt_L0
0x0003       [1]    R3
0x0003       [2]    Ltrim_original_L0
0x0003       [2]    __Lib_MmcFat16_f16_toInt_l_L0
0x0004       [2]    __Lib_MemManager_MM_GetMemAlign_P_L0
0x0004       [1]    R4
0x0004       [1]    __Lib_USB_genHID_GetMaxIndexInDevDsc_index_L0
0x0004       [2]    __Lib_USB_genHID_USB_Transfer_Packet_Int_handle_L0
0x0004       [2]    __Lib_USB_genHID_USB_Transfer_Packet_handle_L0
0x0004       [2]    strncat_cp_L0
0x0004       [2]    memcpy_ss_L0
0x0004       [2]    frexp_pom_L0
0x0004       [2]    strcat_cp_L0
0x0004       [2]    strncpy_cp_L0
0x0004       [2]    __Lib_USB_genHID_USB_Get_Status_Handler_p_L2
0x0004       [2]    strcpy_cp_L0
0x0004       [2]    __Lib_USB_genHID_USB_Std_Feature_Req_Handler_p_L0
0x0005       [2]    LongWordToHex_input_half_L0
0x0005       [2]    memmove_ff_L0
0x0005       [1]    R5
0x0005       [2]    Ltrim_p_L0
0x0005       [2]    LongIntToHex_input_half_L0
0x0005       [2]    __Lib_USB_genHID_USB_Configure_Endpoint_handle_L0
0x0005       [1]    MM_TotalFreeMemSize_i_L0
0x0006       [1]    __Lib_MemManager_MM_GetMemAlign_i_L0
0x0006       [1]    R6
0x0006       [2]    __Lib_USB_genHID_GetMaxIndexInConfigDsc_totalLen_L0
0x0007       [1]    R7
0x0007       [1]    __Lib_TFT_16bit_JPEG_GenerateHuffmanTables_bLength_L0
0x0007       [1]    __Lib_TFT_JPEG_GenerateHuffmanTables_bLength_L0
0x0008       [3]    __Lib_USB_genHID_GetMaxIndexInConfigDsc_ptr_L0
0x0008       [1]    R8
0x0008       [1]    __Lib_TFT_JPEG_GenerateHuffmanTables_bTable_L0
0x0008       [1]    __Lib_TFT_16bit_JPEG_GenerateHuffmanTables_bTable_L0
0x0009       [1]    R9
0x0009       [4]    __Lib_MmcFat16_f16_toLong_l_L0
0x000A       [1]    R10
0x000B       [1]    R11
0x000C       [1]    R12
0x000D       [1]    R13
0x000E       [1]    R14
0x000F       [1]    R15
0x0010       [1]    R16
0x0011       [1]    R17
0x0012       [1]    R18
0x0013       [1]    R19
0x0014       [1]    R20
0x0F83       [0]    RD0_bit
0x0F83       [1]    PORTD
0x0F95       [1]    TRISD
0x0FD5       [0]    TMR0ON_bit
0x0FD5       [1]    T0CON
0x0FD6       [1]    TMR0L
0x0FD7       [1]    TMR0H
0x0FD8       [1]    STATUS
0x0FD9       [1]    FSR2L
0x0FDA       [1]    FSR2H
0x0FDE       [1]    POSTINC2
0x0FE0       [1]    BSR
0x0FE1       [1]    FSR1L
0x0FE2       [1]    FSR1H
0x0FE4       [1]    PREINC1
0x0FE6       [1]    POSTINC1
0x0FE7       [1]    INDF1
0x0FE8       [1]    WREG
0x0FE9       [1]    FSR0L
0x0FEA       [1]    FSR0H
0x0FEE       [1]    POSTINC0
0x0FF1       [1]    INTCON2
0x0FF2       [0]    T0IF_bit
0x0FF2       [0]    T0IE_bit
0x0FF2       [1]    INTCON
0x0FF3       [1]    PRODL
0x0FF4       [1]    PRODH
0x0FF5       [1]    TABLAT
0x0FF6       [1]    TBLPTRL
0x0FF7       [1]    TBLPTRH
0x0FF8       [1]    TBLPTRU
//** Label List: ** 
//----------------------------------------------
  L_main0
  L_main1
  L_end_configurar
  _configurar
  L_end_interrupt
  _interrupt
  L__interrupt4
  L_end_main
  _main
  _CC2D_Loop1
  _CC2DL_Loop1
  L_loopCA2AWs
  L_loopCCA2AWs
  L_loopCS2Ss
  L_CS2Send
  L_loopCCS2Ss
  L_CCS2Send
  L_loopFZinSWs
  L_longjmp7
  L_end___CC2D
  ___CC2D
  L_end___CC2DW
  ___CC2DW
  L_end___CA2AW
  ___CA2AW
  L_end___CCA2AW
  ___CCA2AW
  L_end___CS2S
  ___CS2S
  L_end___CCS2S
  ___CCS2S
  L_end___FZinS
  ___FZinS
  L_end_____DoIFC
  _____DoIFC
  L_end_Swap
  _Swap
  L_end_setjmp
  _setjmp
  L_end_longjmp
  _longjmp
  L_main0
  L_main1
  L_end_configurar
  _configurar
  L_end_interrupt
  _interrupt
  L__interrupt4
  L_end_main
  _main
